#
# There is insufficient memory for the Java Runtime Environment to continue.
# Native memory allocation (malloc) failed to allocate 1048576 bytes for AllocateHeap
# Possible reasons:
#   The system is out of physical RAM or swap space
#   In 32 bit mode, the process size limit was hit
# Possible solutions:
#   Reduce memory load on the system
#   Increase physical memory or swap space
#   Check if swap backing store is full
#   Use 64 bit Java on a 64 bit OS
#   Decrease Java heap size (-Xmx/-Xms)
#   Decrease number of Java threads
#   Decrease Java thread stack sizes (-Xss)
#   Set larger code cache with -XX:ReservedCodeCacheSize=
# This output file may be truncated or incomplete.
#
#  Out of Memory Error (memory/allocation.inline.hpp:61), pid=7512, tid=7044
#
# JRE version:  (8.0_45-b15) (build )
# Java VM: Java HotSpot(TM) 64-Bit Server VM (25.45-b02 mixed mode windows-amd64 compressed oops)
# Failed to write core dump. Minidumps are not enabled by default on client versions of Windows
#

---------------  T H R E A D  ---------------

Current thread (0x000000000108d800):  JavaThread "Unknown thread" [_thread_in_vm, id=7044, stack(0x00000000027f0000,0x00000000028f0000)]

Stack: [0x00000000027f0000,0x00000000028f0000]
Native frames: (J=compiled Java code, j=interpreted, Vv=VM code, C=native code)
V  [jvm.dll+0x32b57a]
V  [jvm.dll+0x279873]
V  [jvm.dll+0x27a509]
V  [jvm.dll+0x271825]
V  [jvm.dll+0x1606]
V  [jvm.dll+0x270892]
V  [jvm.dll+0x3eee4a]
V  [jvm.dll+0x3ea7a7]
V  [jvm.dll+0xf2cf2]
V  [jvm.dll+0x20f0c9]
V  [jvm.dll+0x240e0a]
V  [jvm.dll+0x15ba41]
C  [java.exe+0x216e]
C  [java.exe+0xcce7]
C  [java.exe+0xcd7b]
C  [KERNEL32.DLL+0x13d2]
C  [ntdll.dll+0x15444]


---------------  P R O C E S S  ---------------

Java Threads: ( => current thread )

Other Threads:

=>0x000000000108d800 (exited) JavaThread "Unknown thread" [_thread_in_vm, id=7044, stack(0x00000000027f0000,0x00000000028f0000)]

VM state:not at safepoint (normal execution)

VM Mutex/Monitor currently owned by a thread: None

Heap:
 PSYoungGen      total 17920K, used 307K [0x00000000eab00000, 0x00000000ebf00000, 0x0000000100000000)
  eden space 15360K, 2% used [0x00000000eab00000,0x00000000eab4ccd8,0x00000000eba00000)
  from space 2560K, 0% used [0x00000000ebc80000,0x00000000ebc80000,0x00000000ebf00000)
  to   space 2560K, 0% used [0x00000000eba00000,0x00000000eba00000,0x00000000ebc80000)
 ParOldGen       total 40960K, used 0K [0x00000000c0000000, 0x00000000c2800000, 0x00000000eab00000)
  object space 40960K, 0% used [0x00000000c0000000,0x00000000c0000000,0x00000000c2800000)
 Metaspace       used 766K, capacity 4480K, committed 4480K, reserved 1056768K
  class space    used 75K, capacity 384K, committed 384K, reserved 1048576K

Card table byte_map: [0x0000000011db0000,0x0000000011fc0000] byte_map_base: 0x00000000117b0000

Marking Bits: (ParMarkBitMap*) 0x0000000060594040
 Begin Bits: [0x0000000012520000, 0x0000000013520000)
 End Bits:   [0x0000000013520000, 0x0000000014520000)

Polling page: 0x0000000001070000

CodeCache: size=245760Kb used=328Kb max_used=328Kb free=245431Kb
 bounds [0x00000000029f0000, 0x0000000002c60000, 0x00000000119f0000]
 total_blobs=57 nmethods=0 adapters=37
 compilation: enabled

Compilation events (0 events):
No events

GC Heap History (0 events):
No events

Deoptimization events (0 events):
No events

Internal exceptions (0 events):
No events

Events (10 events):
Event: 0.079 loading class java/lang/Short
Event: 0.079 loading class java/lang/Short done
Event: 0.079 loading class java/lang/Integer
Event: 0.079 loading class java/lang/Integer done
Event: 0.079 loading class java/lang/Long
Event: 0.079 loading class java/lang/Long done
Event: 0.080 loading class java/lang/NullPointerException
Event: 0.080 loading class java/lang/NullPointerException done
Event: 0.080 loading class java/lang/ArithmeticException
Event: 0.080 loading class java/lang/ArithmeticException done


Dynamic libraries:
0x00007ff77de80000 - 0x00007ff77deb7000 	C:\Program Files\Java\jdk1.8.0_45\bin\java.exe
0x00007ffc99ae0000 - 0x00007ffc99c8c000 	C:\WINDOWS\SYSTEM32\ntdll.dll
0x00007ffc97600000 - 0x00007ffc9773e000 	C:\WINDOWS\system32\KERNEL32.DLL
0x00007ffc96d10000 - 0x00007ffc96e25000 	C:\WINDOWS\system32\KERNELBASE.dll
0x00007ffc957e0000 - 0x00007ffc9586e000 	C:\WINDOWS\system32\apphelp.dll
0x00007ffc899d0000 - 0x00007ffc89a23000 	C:\WINDOWS\AppPatch\AppPatch64\AcGenral.DLL
0x00007ffc97850000 - 0x00007ffc978fa000 	C:\WINDOWS\system32\msvcrt.dll
0x00007ffc96ae0000 - 0x00007ffc96b0e000 	C:\WINDOWS\SYSTEM32\SspiCli.dll
0x00007ffc97e40000 - 0x00007ffc97e94000 	C:\WINDOWS\system32\SHLWAPI.dll
0x00007ffc97bf0000 - 0x00007ffc97d67000 	C:\WINDOWS\system32\USER32.dll
0x00007ffc97900000 - 0x00007ffc97a94000 	C:\WINDOWS\system32\ole32.dll
0x00007ffc985c0000 - 0x00007ffc99ad9000 	C:\WINDOWS\system32\SHELL32.dll
0x00007ffc96260000 - 0x00007ffc96281000 	C:\WINDOWS\SYSTEM32\USERENV.dll
0x00007ffc97d90000 - 0x00007ffc97e3a000 	C:\WINDOWS\system32\ADVAPI32.dll
0x00007ffc89c60000 - 0x00007ffc89c7e000 	C:\WINDOWS\SYSTEM32\MPR.dll
0x00007ffc98290000 - 0x00007ffc983d1000 	C:\WINDOWS\system32\RPCRT4.dll
0x00007ffc974e0000 - 0x00007ffc97539000 	C:\WINDOWS\SYSTEM32\sechost.dll
0x00007ffc97180000 - 0x00007ffc97391000 	C:\WINDOWS\SYSTEM32\combase.dll
0x00007ffc97aa0000 - 0x00007ffc97bf0000 	C:\WINDOWS\system32\GDI32.dll
0x00007ffc96c40000 - 0x00007ffc96c55000 	C:\WINDOWS\SYSTEM32\profapi.dll
0x00007ffc95000000 - 0x00007ffc950b2000 	C:\WINDOWS\SYSTEM32\SHCORE.dll
0x00007ffc97810000 - 0x00007ffc97846000 	C:\WINDOWS\system32\IMM32.DLL
0x00007ffc97f80000 - 0x00007ffc980d2000 	C:\WINDOWS\system32\MSCTF.dll
0x00007ffc94250000 - 0x00007ffc944ca000 	C:\WINDOWS\WinSxS\amd64_microsoft.windows.common-controls_6595b64144ccf1df_6.0.9600.17810_none_6240b9c7ecbd0bda\COMCTL32.dll
0x000000005f910000 - 0x000000005f9e2000 	C:\Program Files\Java\jdk1.8.0_45\jre\bin\msvcr100.dll
0x000000005fd90000 - 0x0000000060613000 	C:\Program Files\Java\jdk1.8.0_45\jre\bin\server\jvm.dll
0x00007ffc7ea30000 - 0x00007ffc7ea39000 	C:\WINDOWS\SYSTEM32\WSOCK32.dll
0x00007ffc90780000 - 0x00007ffc907a2000 	C:\WINDOWS\SYSTEM32\WINMM.dll
0x00007ffc8f680000 - 0x00007ffc8f68a000 	C:\WINDOWS\SYSTEM32\VERSION.dll
0x00007ffc97eb0000 - 0x00007ffc97eb7000 	C:\WINDOWS\system32\PSAPI.DLL
0x00007ffc97740000 - 0x00007ffc9779a000 	C:\WINDOWS\system32\WS2_32.dll
0x00007ffc81e70000 - 0x00007ffc81e9a000 	C:\WINDOWS\SYSTEM32\WINMMBASE.dll
0x00007ffc974d0000 - 0x00007ffc974d9000 	C:\WINDOWS\system32\NSI.dll
0x00007ffc96f40000 - 0x00007ffc96f8f000 	C:\WINDOWS\SYSTEM32\cfgmgr32.dll
0x00007ffc95a30000 - 0x00007ffc95a58000 	C:\WINDOWS\SYSTEM32\DEVOBJ.dll
0x000000005fd80000 - 0x000000005fd8f000 	C:\Program Files\Java\jdk1.8.0_45\jre\bin\verify.dll
0x000000005fd50000 - 0x000000005fd79000 	C:\Program Files\Java\jdk1.8.0_45\jre\bin\java.dll
0x000000005fd30000 - 0x000000005fd46000 	C:\Program Files\Java\jdk1.8.0_45\jre\bin\zip.dll
0x00007ffc8dfd0000 - 0x00007ffc8e159000 	C:\WINDOWS\SYSTEM32\dbghelp.dll

VM Arguments:
jvm_args: -Xmx1024M -Dfile.encoding=windows-1253 -Duser.country=GR -Duser.language=el -Duser.variant 
java_command: com.android.dx.command.Main --dex --output C:\Users\Alberto\Desktop\MyApplication (3)\MyApplication\app\build\intermediates\dex\debug C:\Users\Alberto\Desktop\MyApplication (3)\MyApplication\app\build\intermediates\classes\debug C:\Users\Alberto\Desktop\MyApplication (3)\MyApplication\app\build\intermediates\pre-dexed\debug\support-annotations-22.2.0-b207d7b3119ddb7fe9e9cb969f2f01dbe8c55eeb.jar C:\Users\Alberto\Desktop\MyApplication (3)\MyApplication\app\build\intermediates\pre-dexed\debug\internal_impl-22.2.0-23422787b3d8b0784822fcf2578e5ef0c7fc1268.jar C:\Users\Alberto\Desktop\MyApplication (3)\MyApplication\app\build\intermediates\pre-dexed\debug\jsoup-1.8.2-2ba2ca90fa487af597eb1a8f6b88f39e54d1637c.jar C:\Users\Alberto\Desktop\MyApplication (3)\MyApplication\app\build\intermediates\pre-dexed\debug\classes-090ecf85072c0f2f80fc9c2fec4cc3ff4edf32ad.jar C:\Users\Alberto\Desktop\MyApplication (3)\MyApplication\app\build\intermediates\pre-dexed\debug\classes-98a89bec5750233ce4bd2036bf5e6baddc189545.jar C:\Users\Alberto\Desktop\MyApplication (3)\MyApplication\app\build\intermediates\pre-dexed\debug\classes-00006ce3c2ccb9f7ee0d65aa321c0bec54532681.jar
java_class_path (initial): C:\Users\Alberto\AppData\Local\Android\sdk\build-tools\22.0.1\lib\dx.jar
Launcher Type: SUN_STANDARD

Environment Variables:
CLASSPATH=.;C:\Program Files (x86)\Java\jre7\lib\ext\QTJava.zip
PATH=C:\ProgramData\Oracle\Java\javapath;C:\Program Files (x86)\Intel\iCLS Client\;C:\Program Files\Intel\iCLS Client\;C:\Program Files (x86)\GnuWin32\bin; C:\MinGW\bin;;C:\Program Files\Intel\Intel(R) Management Engine Components\DAL;C:\Program Files\Intel\Intel(R) Management Engine Components\IPT;C:\Program Files (x86)\Intel\Intel(R) Management Engine Components\DAL;C:\Program Files (x86)\Intel\Intel(R) Management Engine Components\IPT;C:\Program Files (x86)\MySQL\MySQL Fabric 1.5.4 & MySQL Utilities 1.5.4 1.5\;C:\Program Files (x86)\MySQL\MySQL Fabric 1.5.4 & MySQL Utilities 1.5.4 1.5\Doctrine extensions for PHP\;C:\MinGW\bin
USERNAME=Alberto
OS=Windows_NT
PROCESSOR_IDENTIFIER=Intel64 Family 6 Model 58 Stepping 9, GenuineIntel



---------------  S Y S T E M  ---------------

OS: Windows 8.1 , 64 bit Build 9600 (6.3.9600.17415)

CPU:total 4 (2 cores per cpu, 2 threads per core) family 6 model 58 stepping 9, cmov, cx8, fxsr, mmx, sse, sse2, sse3, ssse3, sse4.1, sse4.2, popcnt, avx, clmul, erms, ht, tsc, tscinvbit, tscinv

Memory: 4k page, physical 3806712k(161416k free), swap 6952444k(5568k free)

vm_info: Java HotSpot(TM) 64-Bit Server VM (25.45-b02) for windows-amd64 JRE (1.8.0_45-b15), built on Apr 30 2015 12:40:44 by "java_re" with MS VC++ 10.0 (VS2010)

time: Sun Jul 19 12:25:05 2015
elapsed time: 0 seconds (0d 0h 0m 0s)

